time="2024-03-13 21:46:45" level=info msg="Bot is up and running!" func=main.main.func1 file="/Users/gamerdaddy/Projects/hyde-bot/bot/cmd/hyde_bot/main.go:66"
time="2024-03-13 22:23:29" level=info msg="Shutting down" func=main.main file="/Users/gamerdaddy/Projects/hyde-bot/bot/cmd/hyde_bot/main.go:108"
time="2024-03-13 22:23:34" level=info msg="Bot is up and running!" func=main.main.func2 file="/Users/gamerdaddy/Projects/hyde-bot/bot/cmd/hyde_bot/main.go:72"
time="2024-03-13 22:30:00" level=info msg="Shutting down" func=main.main file="/Users/gamerdaddy/Projects/hyde-bot/bot/cmd/hyde_bot/main.go:114"
time="2024-03-13 22:30:09" level=info msg="Bot is up and running!" func=main.main.func3 file="/Users/gamerdaddy/Projects/hyde-bot/bot/cmd/hyde_bot/main.go:73"
time="2024-03-13 23:28:43" level=info msg="Shutting down" func=main.main file="/Users/gamerdaddy/Projects/hyde-bot/bot/cmd/hyde_bot/main.go:115"
time="2024-03-13 23:29:16" level=info msg="Bot is up and running!" func=main.main.func4 file="/Users/gamerdaddy/Projects/hyde-bot/bot/cmd/hyde_bot/main.go:77"
time="2024-03-13 23:30:13" level=info msg="Shutting down" func=main.main file="/Users/gamerdaddy/Projects/hyde-bot/bot/cmd/hyde_bot/main.go:119"
time="2024-03-13 23:30:29" level=info msg="Bot is up and running!" func=main.main.func4 file="/Users/gamerdaddy/Projects/hyde-bot/bot/cmd/hyde_bot/main.go:77"
time="2024-03-13 23:30:40" level=error msg="Error deleting the command" func=github.com/PapicBorovoi/hyde-bot/internals/logger.Error file="/Users/gamerdaddy/Projects/hyde-bot/bot/internals/logger/logger.go:36" error="HTTP 404 Not Found, {\"message\": \"404: Not Found\", \"code\": 0}"
time="2024-03-13 23:35:19" level=error msg="Error deleting the command" func=github.com/PapicBorovoi/hyde-bot/internals/logger.Error file="/Users/gamerdaddy/Projects/hyde-bot/bot/internals/logger/logger.go:36" error="HTTP 404 Not Found, {\"message\": \"404: Not Found\", \"code\": 0}"
time="2024-03-13 23:35:23" level=info msg="Shutting down" func=main.main file="/Users/gamerdaddy/Projects/hyde-bot/bot/cmd/hyde_bot/main.go:119"
time="2024-03-13 23:35:32" level=info msg="Bot is up and running!" func=main.main.func4 file="/Users/gamerdaddy/Projects/hyde-bot/bot/cmd/hyde_bot/main.go:77"
time="2024-03-13 23:35:38" level=error msg="Error deleting the command" func=github.com/PapicBorovoi/hyde-bot/internals/logger.Error file="/Users/gamerdaddy/Projects/hyde-bot/bot/internals/logger/logger.go:36" error="HTTP 404 Not Found, {\"message\": \"404: Not Found\", \"code\": 0}"
time="2024-03-13 23:42:21" level=info msg="Shutting down" func=main.main file="/Users/gamerdaddy/Projects/hyde-bot/bot/cmd/hyde_bot/main.go:119"
time="2024-03-13 23:42:27" level=info msg="Bot is up and running!" func=main.main.func4 file="/Users/gamerdaddy/Projects/hyde-bot/bot/cmd/hyde_bot/main.go:77"
time="2024-03-13 23:42:32" level=error msg="Error deleting the command" func=github.com/PapicBorovoi/hyde-bot/internals/logger.Error file="/Users/gamerdaddy/Projects/hyde-bot/bot/internals/logger/logger.go:36" error="HTTP 404 Not Found, {\"message\": \"404: Not Found\", \"code\": 0}"
time="2024-03-13 23:43:24" level=info msg="Shutting down" func=main.main file="/Users/gamerdaddy/Projects/hyde-bot/bot/cmd/hyde_bot/main.go:119"
time="2024-03-13 23:45:08" level=info msg="Bot is up and running!" func=main.main.func4 file="/Users/gamerdaddy/Projects/hyde-bot/bot/cmd/hyde_bot/main.go:77"
time="2024-03-13 23:45:13" level=error msg="Error deleting the command" func=github.com/PapicBorovoi/hyde-bot/internals/logger.Error file="/Users/gamerdaddy/Projects/hyde-bot/bot/internals/logger/logger.go:36" error="HTTP 404 Not Found, {\"message\": \"404: Not Found\", \"code\": 0}"
time="2024-03-13 23:46:06" level=info msg="Shutting down" func=main.main file="/Users/gamerdaddy/Projects/hyde-bot/bot/cmd/hyde_bot/main.go:119"
time="2024-03-13 23:46:10" level=info msg="Bot is up and running!" func=main.main.func4 file="/Users/gamerdaddy/Projects/hyde-bot/bot/cmd/hyde_bot/main.go:77"
time="2024-03-13 23:46:17" level=error msg="Error deleting the command" func=github.com/PapicBorovoi/hyde-bot/internals/logger.Error file="/Users/gamerdaddy/Projects/hyde-bot/bot/internals/logger/logger.go:36" error="HTTP 404 Not Found, {\"message\": \"404: Not Found\", \"code\": 0}"
time="2024-03-13 23:46:26" level=info msg="Shutting down" func=main.main file="/Users/gamerdaddy/Projects/hyde-bot/bot/cmd/hyde_bot/main.go:119"
time="2024-03-13 23:46:29" level=info msg="Bot is up and running!" func=main.main.func4 file="/Users/gamerdaddy/Projects/hyde-bot/bot/cmd/hyde_bot/main.go:77"
time="2024-03-13 23:46:35" level=error msg="Error deleting the command" func=github.com/PapicBorovoi/hyde-bot/internals/logger.Error file="/Users/gamerdaddy/Projects/hyde-bot/bot/internals/logger/logger.go:36" error="HTTP 404 Not Found, {\"message\": \"404: Not Found\", \"code\": 0}"
time="2024-03-13 23:49:16" level=info msg="Shutting down" func=main.main file="/Users/gamerdaddy/Projects/hyde-bot/bot/cmd/hyde_bot/main.go:119"
time="2024-03-13 23:49:19" level=info msg="Bot is up and running!" func=main.main.func4 file="/Users/gamerdaddy/Projects/hyde-bot/bot/cmd/hyde_bot/main.go:77"
time="2024-03-13 23:49:59" level=info msg="Shutting down" func=main.main file="/Users/gamerdaddy/Projects/hyde-bot/bot/cmd/hyde_bot/main.go:119"
time="2024-03-13 23:50:02" level=info msg="Bot is up and running!" func=main.main.func4 file="/Users/gamerdaddy/Projects/hyde-bot/bot/cmd/hyde_bot/main.go:77"
time="2024-03-13 23:50:07" level=error msg="Error deleting the command" func=github.com/PapicBorovoi/hyde-bot/internals/logger.Error file="/Users/gamerdaddy/Projects/hyde-bot/bot/internals/logger/logger.go:36" error="HTTP 404 Not Found, {\"message\": \"404: Not Found\", \"code\": 0}"
time="2024-03-13 23:54:08" level=info msg="Shutting down" func=main.main file="/Users/gamerdaddy/Projects/hyde-bot/bot/cmd/hyde_bot/main.go:119"
time="2024-03-13 23:54:11" level=info msg="Bot is up and running!" func=main.main.func4 file="/Users/gamerdaddy/Projects/hyde-bot/bot/cmd/hyde_bot/main.go:77"
time="2024-03-13 23:54:24" level=error msg="Error deleting the command" func=github.com/PapicBorovoi/hyde-bot/internals/logger.Error file="/Users/gamerdaddy/Projects/hyde-bot/bot/internals/logger/logger.go:36" error="HTTP 404 Not Found, {\"message\": \"404: Not Found\", \"code\": 0}"
time="2024-03-13 23:54:32" level=error msg="Error responding to the help command" func=github.com/PapicBorovoi/hyde-bot/internals/logger.Error file="/Users/gamerdaddy/Projects/hyde-bot/bot/internals/logger/logger.go:36" error="HTTP 400 Bad Request, {\"message\": \"Cannot send an empty message\", \"code\": 50006}"
time="2024-03-13 23:54:46" level=info msg="Shutting down" func=main.main file="/Users/gamerdaddy/Projects/hyde-bot/bot/cmd/hyde_bot/main.go:119"
time="2024-03-13 23:54:53" level=info msg="Bot is up and running!" func=main.main.func4 file="/Users/gamerdaddy/Projects/hyde-bot/bot/cmd/hyde_bot/main.go:77"
time="2024-03-13 23:55:09" level=error msg="Error deleting the command" func=github.com/PapicBorovoi/hyde-bot/internals/logger.Error file="/Users/gamerdaddy/Projects/hyde-bot/bot/internals/logger/logger.go:36" error="HTTP 404 Not Found, {\"message\": \"404: Not Found\", \"code\": 0}"
time="2024-03-13 23:55:58" level=info msg="Shutting down" func=main.main file="/Users/gamerdaddy/Projects/hyde-bot/bot/cmd/hyde_bot/main.go:119"
time="2024-03-14 10:22:57" level=info msg="Bot is up and running!" func=main.main.func4 file="/Users/gamerdaddy/Projects/hyde-bot/bot/cmd/hyde_bot/main.go:77"
time="2024-03-14 10:23:17" level=info msg="Shutting down" func=main.main file="/Users/gamerdaddy/Projects/hyde-bot/bot/cmd/hyde_bot/main.go:119"
time="2024-03-14 10:23:20" level=info msg="Bot is up and running!" func=main.main.func4 file="/Users/gamerdaddy/Projects/hyde-bot/bot/cmd/hyde_bot/main.go:77"
time="2024-03-14 10:23:29" level=error msg="Error deleting the command" func=github.com/PapicBorovoi/hyde-bot/internals/logger.Error file="/Users/gamerdaddy/Projects/hyde-bot/bot/internals/logger/logger.go:36" error="HTTP 404 Not Found, {\"message\": \"404: Not Found\", \"code\": 0}"
time="2024-03-14 10:24:03" level=info msg="Shutting down" func=main.main file="/Users/gamerdaddy/Projects/hyde-bot/bot/cmd/hyde_bot/main.go:119"
time="2024-03-14 10:24:07" level=info msg="Bot is up and running!" func=main.main.func4 file="/Users/gamerdaddy/Projects/hyde-bot/bot/cmd/hyde_bot/main.go:77"
time="2024-03-14 10:24:15" level=error msg="Error deleting the command" func=github.com/PapicBorovoi/hyde-bot/internals/logger.Error file="/Users/gamerdaddy/Projects/hyde-bot/bot/internals/logger/logger.go:36" error="HTTP 404 Not Found, {\"message\": \"404: Not Found\", \"code\": 0}"
time="2024-03-14 10:29:57" level=info msg="Shutting down" func=main.main file="/Users/gamerdaddy/Projects/hyde-bot/bot/cmd/hyde_bot/main.go:119"
time="2024-03-14 10:30:27" level=info msg="Bot is up and running!" func=main.main.func4 file="/Users/gamerdaddy/Projects/hyde-bot/bot/cmd/hyde_bot/main.go:77"
time="2024-03-14 10:30:29" level=info msg="Removing commands" func=main.main file="/Users/gamerdaddy/Projects/hyde-bot/bot/cmd/hyde_bot/main.go:103"
time="2024-03-14 10:30:30" level=info msg="Shutting down" func=main.main file="/Users/gamerdaddy/Projects/hyde-bot/bot/cmd/hyde_bot/main.go:119"
time="2024-03-14 10:31:54" level=info msg="Bot is up and running!" func=main.main.func4 file="/Users/gamerdaddy/Projects/hyde-bot/bot/cmd/hyde_bot/main.go:77"
time="2024-03-14 10:42:33" level=info msg="Shutting down" func=main.main file="/Users/gamerdaddy/Projects/hyde-bot/bot/cmd/hyde_bot/main.go:119"
time="2024-03-14 10:42:55" level=info msg="Bot is up and running!" func=main.main.func4 file="/Users/gamerdaddy/Projects/hyde-bot/bot/cmd/hyde_bot/main.go:80"
time="2024-03-14 10:43:36" level=info msg="Shutting down" func=main.main file="/Users/gamerdaddy/Projects/hyde-bot/bot/cmd/hyde_bot/main.go:124"
time="2024-03-14 10:43:54" level=info msg="Bot is up and running!" func=main.main.func4 file="/Users/gamerdaddy/Projects/hyde-bot/bot/cmd/hyde_bot/main.go:80"
time="2024-03-14 10:44:09" level=info msg="Shutting down" func=main.main file="/Users/gamerdaddy/Projects/hyde-bot/bot/cmd/hyde_bot/main.go:124"
time="2024-03-14 10:44:12" level=info msg="Bot is up and running!" func=main.main.func4 file="/Users/gamerdaddy/Projects/hyde-bot/bot/cmd/hyde_bot/main.go:80"
time="2024-03-14 10:45:38" level=info msg="Shutting down" func=main.main file="/Users/gamerdaddy/Projects/hyde-bot/bot/cmd/hyde_bot/main.go:127"
time="2024-03-14 10:45:53" level=info msg="Bot is up and running!" func=main.main.func4 file="/Users/gamerdaddy/Projects/hyde-bot/bot/cmd/hyde_bot/main.go:80"
time="2024-03-14 10:45:54" level=info msg="Removing commands" func=main.main file="/Users/gamerdaddy/Projects/hyde-bot/bot/cmd/hyde_bot/main.go:111"
time="2024-03-14 10:45:54" level=info msg="Shutting down" func=main.main file="/Users/gamerdaddy/Projects/hyde-bot/bot/cmd/hyde_bot/main.go:127"
time="2024-03-14 10:46:07" level=info msg="Bot is up and running!" func=main.main.func4 file="/Users/gamerdaddy/Projects/hyde-bot/bot/cmd/hyde_bot/main.go:80"
time="2024-03-14 11:13:39" level=info msg="Shutting down" func=main.main file="/Users/gamerdaddy/Projects/hyde-bot/bot/cmd/hyde_bot/main.go:127"
time="2024-03-14 11:13:57" level=info msg="Bot is up and running!" func=main.main.func4 file="/Users/gamerdaddy/Projects/hyde-bot/bot/cmd/hyde_bot/main.go:80"
time="2024-03-14 11:14:32" level=info msg="Shutting down" func=main.main file="/Users/gamerdaddy/Projects/hyde-bot/bot/cmd/hyde_bot/main.go:126"
time="2024-03-14 11:14:41" level=info msg="Bot is up and running!" func=main.main.func4 file="/Users/gamerdaddy/Projects/hyde-bot/bot/cmd/hyde_bot/main.go:80"
time="2024-03-14 11:22:15" level=info msg="Shutting down" func=main.main file="/Users/gamerdaddy/Projects/hyde-bot/bot/cmd/hyde_bot/main.go:126"
time="2024-03-14 11:22:22" level=info msg="Bot is up and running!" func=main.main.func4 file="/Users/gamerdaddy/Projects/hyde-bot/bot/cmd/hyde_bot/main.go:80"
time="2024-03-14 11:23:31" level=info msg="Shutting down" func=main.main file="/Users/gamerdaddy/Projects/hyde-bot/bot/cmd/hyde_bot/main.go:127"
time="2024-03-14 11:24:03" level=info msg="Bot is up and running!" func=main.main.func4 file="/Users/gamerdaddy/Projects/hyde-bot/bot/cmd/hyde_bot/main.go:80"
time="2024-03-14 11:24:04" level=info msg="Commands registered" func=main.main file="/Users/gamerdaddy/Projects/hyde-bot/bot/cmd/hyde_bot/main.go:98"
time="2024-03-14 15:01:41" level=info msg="Bot is up and running!" func=main.main.func4 file="/Users/gamerdaddy/Projects/hyde-bot/bot/cmd/hyde_bot/main.go:80"
time="2024-03-14 15:19:24" level=info msg="Shutting down" func=main.main file="/Users/gamerdaddy/Projects/hyde-bot/bot/cmd/hyde_bot/main.go:128"
time="2024-03-15 14:50:36" level=info msg="Bot is up and running!" func=main.main.func4 file="/Users/gamerdaddy/Projects/hyde-bot/bot/cmd/hyde_bot/main.go:80"
time="2024-03-15 14:50:36" level=info msg="Commands registered" func=main.main file="/Users/gamerdaddy/Projects/hyde-bot/bot/cmd/hyde_bot/main.go:98"
